# JRE version: OpenJDK Runtime Environment Temurin-21.0.10+7 (21.0.10+7) (build 21.0.10+7-LTS)
# Java VM: OpenJDK 64-Bit Server VM Temurin-21.0.10+7 (21.0.10+7-LTS, mixed mode, sharing, tiered, compressed oops, compressed class ptrs, parallel gc, windows-amd64)
GC Precious Log:
 CardTable entry size: 512
 CPUs: 16 total, 16 available
 Memory: 15613M
 Large Page Support: Disabled
 NUMA Support: Disabled
 Compressed Oops: Enabled (32-bit)
 Alignments: Space 512K, Generation 512K, Heap 2M
 Heap Min Capacity: 100M
 Heap Initial Capacity: 100M
 Heap Max Capacity: 2G
 Pre-touch: Disabled
 Parallel Workers: 13
Heap:
 PSYoungGen      total 4608K, used 3623K [0x00000000d5580000, 0x00000000d5d80000, 0x0000000100000000)
  eden space 3072K, 68% used [0x00000000d5580000,0x00000000d5790cf8,0x00000000d5880000)
  from space 1536K, 98% used [0x00000000d5a80000,0x00000000d5bf9230,0x00000000d5c00000)
  to   space 2048K, 0% used [0x00000000d5880000,0x00000000d5880000,0x00000000d5a80000)
 ParOldGen       total 728576K, used 728278K [0x0000000080000000, 0x00000000ac780000, 0x00000000d5580000)
  object space 728576K, 99% used [0x0000000080000000,0x00000000ac735848,0x00000000ac780000)
 Metaspace       used 91428K, committed 93440K, reserved 1179648K
  class space    used 9489K, committed 10368K, reserved 1048576K
GC Heap History (20 events):
Event: 1134.724 GC heap before
{Heap before GC invocations=1185 (full 6):
 PSYoungGen      total 2560K, used 2542K [0x00000000d5580000, 0x00000000d5c00000, 0x0000000100000000)
  eden space 1024K, 100% used [0x00000000d5580000,0x00000000d5680000,0x00000000d5680000)
  from space 1536K, 98% used [0x00000000d5900000,0x00000000d5a7b8a0,0x00000000d5a80000)
  to   space 2560K, 0% used [0x00000000d5680000,0x00000000d5680000,0x00000000d5900000)
 ParOldGen       total 726528K, used 726267K [0x0000000080000000, 0x00000000ac580000, 0x00000000d5580000)
  object space 726528K, 99% used [0x0000000080000000,0x00000000ac53efc0,0x00000000ac580000)
 Metaspace       used 91392K, committed 93376K, reserved 1179648K
  class space    used 9489K, committed 10368K, reserved 1048576K
}
Event: 1134.726 GC heap after
{Heap after GC invocations=1185 (full 6):
 PSYoungGen      total 3584K, used 2499K [0x00000000d5580000, 0x00000000d5d00000, 0x0000000100000000)
  eden space 1024K, 0% used [0x00000000d5580000,0x00000000d5580000,0x00000000d5680000)
  from space 2560K, 97% used [0x00000000d5680000,0x00000000d58f0f90,0x00000000d5900000)
  to   space 3072K, 0% used [0x00000000d5a00000,0x00000000d5a00000,0x00000000d5d00000)
 ParOldGen       total 726528K, used 726432K [0x0000000080000000, 0x00000000ac580000, 0x00000000d5580000)
  object space 726528K, 99% used [0x0000000080000000,0x00000000ac5681c0,0x00000000ac580000)
 Metaspace       used 91392K, committed 93376K, reserved 1179648K
  class space    used 9489K, committed 10368K, reserved 1048576K
}
Event: 1134.727 GC heap before
{Heap before GC invocations=1186 (full 6):
 PSYoungGen      total 3584K, used 3523K [0x00000000d5580000, 0x00000000d5d00000, 0x0000000100000000)
  eden space 1024K, 100% used [0x00000000d5580000,0x00000000d5680000,0x00000000d5680000)
  from space 2560K, 97% used [0x00000000d5680000,0x00000000d58f0f90,0x00000000d5900000)
  to   space 3072K, 0% used [0x00000000d5a00000,0x00000000d5a00000,0x00000000d5d00000)
 ParOldGen       total 726528K, used 726432K [0x0000000080000000, 0x00000000ac580000, 0x00000000d5580000)
  object space 726528K, 99% used [0x0000000080000000,0x00000000ac5681c0,0x00000000ac580000)
 Metaspace       used 91392K, committed 93376K, reserved 1179648K
  class space    used 9489K, committed 10368K, reserved 1048576K
}
Event: 1134.729 GC heap after
{Heap after GC invocations=1186 (full 6):
 PSYoungGen      total 4096K, used 3059K [0x00000000d5580000, 0x00000000d5e00000, 0x0000000100000000)
  eden space 1024K, 0% used [0x00000000d5580000,0x00000000d5580000,0x00000000d5680000)
  from space 3072K, 99% used [0x00000000d5a00000,0x00000000d5cfcfa0,0x00000000d5d00000)
  to   space 3584K, 0% used [0x00000000d5680000,0x00000000d5680000,0x00000000d5a00000)
 ParOldGen       total 727040K, used 726752K [0x0000000080000000, 0x00000000ac600000, 0x00000000d5580000)
  object space 727040K, 99% used [0x0000000080000000,0x00000000ac5b81c0,0x00000000ac600000)
 Metaspace       used 91392K, committed 93376K, reserved 1179648K
  class space    used 9489K, committed 10368K, reserved 1048576K
}
Event: 1134.732 GC heap before
{Heap before GC invocations=1187 (full 6):
 PSYoungGen      total 4096K, used 4083K [0x00000000d5580000, 0x00000000d5e00000, 0x0000000100000000)
  eden space 1024K, 100% used [0x00000000d5580000,0x00000000d5680000,0x00000000d5680000)
  from space 3072K, 99% used [0x00000000d5a00000,0x00000000d5cfcfa0,0x00000000d5d00000)
  to   space 3584K, 0% used [0x00000000d5680000,0x00000000d5680000,0x00000000d5a00000)
 ParOldGen       total 727040K, used 726752K [0x0000000080000000, 0x00000000ac600000, 0x00000000d5580000)
  object space 727040K, 99% used [0x0000000080000000,0x00000000ac5b81c0,0x00000000ac600000)
 Metaspace       used 91392K, committed 93376K, reserved 1179648K
  class space    used 9489K, committed 10368K, reserved 1048576K
}
Event: 1134.734 GC heap after
{Heap after GC invocations=1187 (full 6):
 PSYoungGen      total 4608K, used 3577K [0x00000000d5580000, 0x00000000d6000000, 0x0000000100000000)
  eden space 1024K, 0% used [0x00000000d5580000,0x00000000d5580000,0x00000000d5680000)
  from space 3584K, 99% used [0x00000000d5680000,0x00000000d59fe6a0,0x00000000d5a00000)
  to   space 4608K, 0% used [0x00000000d5b80000,0x00000000d5b80000,0x00000000d6000000)
 ParOldGen       total 727552K, used 727277K [0x0000000080000000, 0x00000000ac680000, 0x00000000d5580000)
  object space 727552K, 99% used [0x0000000080000000,0x00000000ac63b450,0x00000000ac680000)
 Metaspace       used 91392K, committed 93376K, reserved 1179648K
  class space    used 9489K, committed 10368K, reserved 1048576K
}
Event: 1202.236 GC heap before
{Heap before GC invocations=1188 (full 6):
 PSYoungGen      total 4608K, used 4601K [0x00000000d5580000, 0x00000000d6000000, 0x0000000100000000)
  eden space 1024K, 99% used [0x00000000d5580000,0x00000000d567fff8,0x00000000d5680000)
  from space 3584K, 99% used [0x00000000d5680000,0x00000000d59fe6a0,0x00000000d5a00000)
  to   space 4608K, 0% used [0x00000000d5b80000,0x00000000d5b80000,0x00000000d6000000)
 ParOldGen       total 727552K, used 727277K [0x0000000080000000, 0x00000000ac680000, 0x00000000d5580000)
  object space 727552K, 99% used [0x0000000080000000,0x00000000ac63b450,0x00000000ac680000)
 Metaspace       used 91404K, committed 93376K, reserved 1179648K
  class space    used 9489K, committed 10368K, reserved 1048576K
}
Event: 1202.238 GC heap after
{Heap after GC invocations=1188 (full 6):
 PSYoungGen      total 3584K, used 1730K [0x00000000d5580000, 0x00000000d5d80000, 0x0000000100000000)
  eden space 1536K, 0% used [0x00000000d5580000,0x00000000d5580000,0x00000000d5700000)
  from space 2048K, 84% used [0x00000000d5b80000,0x00000000d5d30908,0x00000000d5d80000)
  to   space 3072K, 0% used [0x00000000d5780000,0x00000000d5780000,0x00000000d5a80000)
 ParOldGen       total 727552K, used 727341K [0x0000000080000000, 0x00000000ac680000, 0x00000000d5580000)
  object space 727552K, 99% used [0x0000000080000000,0x00000000ac64b450,0x00000000ac680000)
 Metaspace       used 91404K, committed 93376K, reserved 1179648K
  class space    used 9489K, committed 10368K, reserved 1048576K
}
Event: 1202.242 GC heap before
{Heap before GC invocations=1189 (full 6):
 PSYoungGen      total 3584K, used 3266K [0x00000000d5580000, 0x00000000d5d80000, 0x0000000100000000)
  eden space 1536K, 100% used [0x00000000d5580000,0x00000000d5700000,0x00000000d5700000)
  from space 2048K, 84% used [0x00000000d5b80000,0x00000000d5d30908,0x00000000d5d80000)
  to   space 3072K, 0% used [0x00000000d5780000,0x00000000d5780000,0x00000000d5a80000)
 ParOldGen       total 727552K, used 727341K [0x0000000080000000, 0x00000000ac680000, 0x00000000d5580000)
  object space 727552K, 99% used [0x0000000080000000,0x00000000ac64b450,0x00000000ac680000)
 Metaspace       used 91404K, committed 93376K, reserved 1179648K
  class space    used 9489K, committed 10368K, reserved 1048576K
}
Event: 1202.246 GC heap after
{Heap after GC invocations=1189 (full 6):
 PSYoungGen      total 4096K, used 1858K [0x00000000d5580000, 0x00000000d5c00000, 0x0000000100000000)
  eden space 2048K, 0% used [0x00000000d5580000,0x00000000d5580000,0x00000000d5780000)
  from space 2048K, 90% used [0x00000000d5780000,0x00000000d5950b78,0x00000000d5980000)
  to   space 2048K, 0% used [0x00000000d5a00000,0x00000000d5a00000,0x00000000d5c00000)
 ParOldGen       total 727552K, used 727341K [0x0000000080000000, 0x00000000ac680000, 0x00000000d5580000)
  object space 727552K, 99% used [0x0000000080000000,0x00000000ac64b450,0x00000000ac680000)
 Metaspace       used 91404K, committed 93376K, reserved 1179648K
  class space    used 9489K, committed 10368K, reserved 1048576K
}
Event: 1202.252 GC heap before
{Heap before GC invocations=1190 (full 6):
 PSYoungGen      total 4096K, used 3906K [0x00000000d5580000, 0x00000000d5c00000, 0x0000000100000000)
  eden space 2048K, 100% used [0x00000000d5580000,0x00000000d5780000,0x00000000d5780000)
  from space 2048K, 90% used [0x00000000d5780000,0x00000000d5950b78,0x00000000d5980000)
  to   space 2048K, 0% used [0x00000000d5a00000,0x00000000d5a00000,0x00000000d5c00000)
 ParOldGen       total 727552K, used 727341K [0x0000000080000000, 0x00000000ac680000, 0x00000000d5580000)
  object space 727552K, 99% used [0x0000000080000000,0x00000000ac64b450,0x00000000ac680000)
 Metaspace       used 91404K, committed 93376K, reserved 1179648K
  class space    used 9489K, committed 10368K, reserved 1048576K
}
Event: 1202.255 GC heap after
{Heap after GC invocations=1190 (full 6):
 PSYoungGen      total 4608K, used 1918K [0x00000000d5580000, 0x00000000d5c00000, 0x0000000100000000)
  eden space 2560K, 0% used [0x00000000d5580000,0x00000000d5580000,0x00000000d5800000)
  from space 2048K, 93% used [0x00000000d5a00000,0x00000000d5bdf840,0x00000000d5c00000)
  to   space 2048K, 0% used [0x00000000d5800000,0x00000000d5800000,0x00000000d5a00000)
 ParOldGen       total 728064K, used 727616K [0x0000000080000000, 0x00000000ac700000, 0x00000000d5580000)
  object space 728064K, 99% used [0x0000000080000000,0x00000000ac690160,0x00000000ac700000)
 Metaspace       used 91404K, committed 93376K, reserved 1179648K
  class space    used 9489K, committed 10368K, reserved 1048576K
}
Event: 1202.265 GC heap before
{Heap before GC invocations=1191 (full 6):
 PSYoungGen      total 4608K, used 4478K [0x00000000d5580000, 0x00000000d5c00000, 0x0000000100000000)
  eden space 2560K, 100% used [0x00000000d5580000,0x00000000d5800000,0x00000000d5800000)
  from space 2048K, 93% used [0x00000000d5a00000,0x00000000d5bdf840,0x00000000d5c00000)
  to   space 2048K, 0% used [0x00000000d5800000,0x00000000d5800000,0x00000000d5a00000)
 ParOldGen       total 728064K, used 727616K [0x0000000080000000, 0x00000000ac700000, 0x00000000d5580000)
  object space 728064K, 99% used [0x0000000080000000,0x00000000ac690160,0x00000000ac700000)
 Metaspace       used 91404K, committed 93376K, reserved 1179648K
  class space    used 9489K, committed 10368K, reserved 1048576K
}
Event: 1202.267 GC heap after
{Heap after GC invocations=1191 (full 6):
 PSYoungGen      total 4608K, used 1738K [0x00000000d5580000, 0x00000000d5c80000, 0x0000000100000000)
  eden space 2560K, 0% used [0x00000000d5580000,0x00000000d5580000,0x00000000d5800000)
  from space 2048K, 84% used [0x00000000d5800000,0x00000000d59b2ba0,0x00000000d5a00000)
  to   space 2048K, 0% used [0x00000000d5a80000,0x00000000d5a80000,0x00000000d5c80000)
 ParOldGen       total 728064K, used 727972K [0x0000000080000000, 0x00000000ac700000, 0x00000000d5580000)
  object space 728064K, 99% used [0x0000000080000000,0x00000000ac6e90c8,0x00000000ac700000)
 Metaspace       used 91404K, committed 93376K, reserved 1179648K
  class space    used 9489K, committed 10368K, reserved 1048576K
}
Event: 1205.256 GC heap before
{Heap before GC invocations=1192 (full 6):
 PSYoungGen      total 4608K, used 4298K [0x00000000d5580000, 0x00000000d5c80000, 0x0000000100000000)
  eden space 2560K, 100% used [0x00000000d5580000,0x00000000d5800000,0x00000000d5800000)
  from space 2048K, 84% used [0x00000000d5800000,0x00000000d59b2ba0,0x00000000d5a00000)
  to   space 2048K, 0% used [0x00000000d5a80000,0x00000000d5a80000,0x00000000d5c80000)
 ParOldGen       total 728064K, used 727972K [0x0000000080000000, 0x00000000ac700000, 0x00000000d5580000)
  object space 728064K, 99% used [0x0000000080000000,0x00000000ac6e90c8,0x00000000ac700000)
 Metaspace       used 91407K, committed 93376K, reserved 1179648K
  class space    used 9489K, committed 10368K, reserved 1048576K
}
Event: 1205.258 GC heap after
{Heap after GC invocations=1192 (full 6):
 PSYoungGen      total 4608K, used 1360K [0x00000000d5580000, 0x00000000d5c00000, 0x0000000100000000)
  eden space 3072K, 0% used [0x00000000d5580000,0x00000000d5580000,0x00000000d5880000)
  from space 1536K, 88% used [0x00000000d5a80000,0x00000000d5bd42a0,0x00000000d5c00000)
  to   space 1536K, 0% used [0x00000000d5900000,0x00000000d5900000,0x00000000d5a80000)
 ParOldGen       total 728064K, used 727972K [0x0000000080000000, 0x00000000ac700000, 0x00000000d5580000)
  object space 728064K, 99% used [0x0000000080000000,0x00000000ac6e90c8,0x00000000ac700000)
 Metaspace       used 91407K, committed 93376K, reserved 1179648K
  class space    used 9489K, committed 10368K, reserved 1048576K
}
Event: 1205.263 GC heap before
{Heap before GC invocations=1193 (full 6):
 PSYoungGen      total 4608K, used 4432K [0x00000000d5580000, 0x00000000d5c00000, 0x0000000100000000)
  eden space 3072K, 100% used [0x00000000d5580000,0x00000000d5880000,0x00000000d5880000)
  from space 1536K, 88% used [0x00000000d5a80000,0x00000000d5bd42a0,0x00000000d5c00000)
  to   space 1536K, 0% used [0x00000000d5900000,0x00000000d5900000,0x00000000d5a80000)
 ParOldGen       total 728064K, used 727972K [0x0000000080000000, 0x00000000ac700000, 0x00000000d5580000)
  object space 728064K, 99% used [0x0000000080000000,0x00000000ac6e90c8,0x00000000ac700000)
 Metaspace       used 91407K, committed 93376K, reserved 1179648K
  class space    used 9489K, committed 10368K, reserved 1048576K
}
Event: 1205.265 GC heap after
{Heap after GC invocations=1193 (full 6):
 PSYoungGen      total 5120K, used 1428K [0x00000000d5580000, 0x00000000d5c00000, 0x0000000100000000)
  eden space 3584K, 0% used [0x00000000d5580000,0x00000000d5580000,0x00000000d5900000)
  from space 1536K, 93% used [0x00000000d5900000,0x00000000d5a65220,0x00000000d5a80000)
  to   space 1536K, 0% used [0x00000000d5a80000,0x00000000d5a80000,0x00000000d5c00000)
 ParOldGen       total 728576K, used 728206K [0x0000000080000000, 0x00000000ac780000, 0x00000000d5580000)
  object space 728576K, 99% used [0x0000000080000000,0x00000000ac723848,0x00000000ac780000)
 Metaspace       used 91407K, committed 93376K, reserved 1179648K
  class space    used 9489K, committed 10368K, reserved 1048576K
}
Event: 1205.272 GC heap before
{Heap before GC invocations=1194 (full 6):
 PSYoungGen      total 5120K, used 5012K [0x00000000d5580000, 0x00000000d5c00000, 0x0000000100000000)
  eden space 3584K, 100% used [0x00000000d5580000,0x00000000d5900000,0x00000000d5900000)
  from space 1536K, 93% used [0x00000000d5900000,0x00000000d5a65220,0x00000000d5a80000)
  to   space 1536K, 0% used [0x00000000d5a80000,0x00000000d5a80000,0x00000000d5c00000)
 ParOldGen       total 728576K, used 728206K [0x0000000080000000, 0x00000000ac780000, 0x00000000d5580000)
  object space 728576K, 99% used [0x0000000080000000,0x00000000ac723848,0x00000000ac780000)
 Metaspace       used 91407K, committed 93376K, reserved 1179648K
  class space    used 9489K, committed 10368K, reserved 1048576K
}
Event: 1205.274 GC heap after
{Heap after GC invocations=1194 (full 6):
 PSYoungGen      total 4608K, used 1508K [0x00000000d5580000, 0x00000000d5d80000, 0x0000000100000000)
  eden space 3072K, 0% used [0x00000000d5580000,0x00000000d5580000,0x00000000d5880000)
  from space 1536K, 98% used [0x00000000d5a80000,0x00000000d5bf9230,0x00000000d5c00000)
  to   space 2048K, 0% used [0x00000000d5880000,0x00000000d5880000,0x00000000d5a80000)
 ParOldGen       total 728576K, used 728278K [0x0000000080000000, 0x00000000ac780000, 0x00000000d5580000)
  object space 728576K, 99% used [0x0000000080000000,0x00000000ac735848,0x00000000ac780000)
 Metaspace       used 91407K, committed 93376K, reserved 1179648K
  class space    used 9489K, committed 10368K, reserved 1048576K
}

